# JRE version: OpenJDK Runtime Environment Temurin-21.0.10+7 (21.0.10+7) (build 21.0.10+7-LTS)
# Java VM: OpenJDK 64-Bit Server VM Temurin-21.0.10+7 (21.0.10+7-LTS, mixed mode, sharing, tiered, compressed oops, compressed class ptrs, parallel gc, windows-amd64)
GC Precious Log:
 CardTable entry size: 512
 CPUs: 12 total, 12 available
 Memory: 14188M
 Large Page Support: Disabled
 NUMA Support: Disabled
 Compressed Oops: Enabled (32-bit)
 Alignments: Space 512K, Generation 512K, Heap 2M
 Heap Min Capacity: 100M
 Heap Initial Capacity: 100M
 Heap Max Capacity: 2G
 Pre-touch: Disabled
 Parallel Workers: 10
Heap:
 PSYoungGen      total 11264K, used 249K [0x00000000d5580000, 0x00000000d6300000, 0x0000000100000000)
  eden space 10240K, 0% used [0x00000000d5580000,0x00000000d5596408,0x00000000d5f80000)
  from space 1024K, 15% used [0x00000000d6100000,0x00000000d6128000,0x00000000d6200000)
  to   space 512K, 0% used [0x00000000d6280000,0x00000000d6280000,0x00000000d6300000)
 ParOldGen       total 859648K, used 859463K [0x0000000080000000, 0x00000000b4780000, 0x00000000d5580000)
  object space 859648K, 99% used [0x0000000080000000,0x00000000b4751e68,0x00000000b4780000)
 Metaspace       used 68957K, committed 70528K, reserved 1114112K
  class space    used 7034K, committed 7680K, reserved 1048576K
GC Heap History (20 events):
Event: 4503.005 GC heap before
{Heap before GC invocations=197 (full 3):
 PSYoungGen      total 16384K, used 16202K [0x00000000d5580000, 0x00000000d6c80000, 0x0000000100000000)
  eden space 10240K, 100% used [0x00000000d5580000,0x00000000d5f80000,0x00000000d5f80000)
  from space 6144K, 97% used [0x00000000d6000000,0x00000000d65d2b70,0x00000000d6600000)
  to   space 6656K, 0% used [0x00000000d6600000,0x00000000d6600000,0x00000000d6c80000)
 ParOldGen       total 791040K, used 790798K [0x0000000080000000, 0x00000000b0480000, 0x00000000d5580000)
  object space 791040K, 99% used [0x0000000080000000,0x00000000b0443848,0x00000000b0480000)
 Metaspace       used 68735K, committed 70272K, reserved 1114112K
  class space    used 7033K, committed 7680K, reserved 1048576K
}
Event: 4503.008 GC heap after
{Heap after GC invocations=197 (full 3):
 PSYoungGen      total 13824K, used 3104K [0x00000000d5580000, 0x00000000d6980000, 0x0000000100000000)
  eden space 10240K, 0% used [0x00000000d5580000,0x00000000d5580000,0x00000000d5f80000)
  from space 3584K, 86% used [0x00000000d6600000,0x00000000d6908230,0x00000000d6980000)
  to   space 4608K, 0% used [0x00000000d6080000,0x00000000d6080000,0x00000000d6500000)
 ParOldGen       total 796672K, used 796556K [0x0000000080000000, 0x00000000b0a00000, 0x00000000d5580000)
  object space 796672K, 99% used [0x0000000080000000,0x00000000b09e32d0,0x00000000b0a00000)
 Metaspace       used 68735K, committed 70272K, reserved 1114112K
  class space    used 7033K, committed 7680K, reserved 1048576K
}
Event: 4503.019 GC heap before
{Heap before GC invocations=198 (full 3):
 PSYoungGen      total 13824K, used 13344K [0x00000000d5580000, 0x00000000d6980000, 0x0000000100000000)
  eden space 10240K, 100% used [0x00000000d5580000,0x00000000d5f80000,0x00000000d5f80000)
  from space 3584K, 86% used [0x00000000d6600000,0x00000000d6908230,0x00000000d6980000)
  to   space 4608K, 0% used [0x00000000d6080000,0x00000000d6080000,0x00000000d6500000)
 ParOldGen       total 796672K, used 796556K [0x0000000080000000, 0x00000000b0a00000, 0x00000000d5580000)
  object space 796672K, 99% used [0x0000000080000000,0x00000000b09e32d0,0x00000000b0a00000)
 Metaspace       used 68750K, committed 70336K, reserved 1114112K
  class space    used 7033K, committed 7680K, reserved 1048576K
}
Event: 4503.021 GC heap after
{Heap after GC invocations=198 (full 3):
 PSYoungGen      total 11776K, used 1536K [0x00000000d5580000, 0x00000000d6680000, 0x0000000100000000)
  eden space 10240K, 0% used [0x00000000d5580000,0x00000000d5580000,0x00000000d5f80000)
  from space 1536K, 100% used [0x00000000d6080000,0x00000000d6200000,0x00000000d6200000)
  to   space 2560K, 0% used [0x00000000d6400000,0x00000000d6400000,0x00000000d6680000)
 ParOldGen       total 799744K, used 799512K [0x0000000080000000, 0x00000000b0d00000, 0x00000000d5580000)
  object space 799744K, 99% used [0x0000000080000000,0x00000000b0cc6258,0x00000000b0d00000)
 Metaspace       used 68750K, committed 70336K, reserved 1114112K
  class space    used 7033K, committed 7680K, reserved 1048576K
}
Event: 4503.043 GC heap before
{Heap before GC invocations=199 (full 3):
 PSYoungGen      total 11776K, used 11776K [0x00000000d5580000, 0x00000000d6680000, 0x0000000100000000)
  eden space 10240K, 100% used [0x00000000d5580000,0x00000000d5f80000,0x00000000d5f80000)
  from space 1536K, 100% used [0x00000000d6080000,0x00000000d6200000,0x00000000d6200000)
  to   space 2560K, 0% used [0x00000000d6400000,0x00000000d6400000,0x00000000d6680000)
 ParOldGen       total 799744K, used 799512K [0x0000000080000000, 0x00000000b0d00000, 0x00000000d5580000)
  object space 799744K, 99% used [0x0000000080000000,0x00000000b0cc6258,0x00000000b0d00000)
 Metaspace       used 68782K, committed 70336K, reserved 1114112K
  class space    used 7033K, committed 7680K, reserved 1048576K
}
Event: 4503.045 GC heap after
{Heap after GC invocations=199 (full 3):
 PSYoungGen      total 12288K, used 1736K [0x00000000d5580000, 0x00000000d6600000, 0x0000000100000000)
  eden space 10240K, 0% used [0x00000000d5580000,0x00000000d5580000,0x00000000d5f80000)
  from space 2048K, 84% used [0x00000000d6400000,0x00000000d65b2200,0x00000000d6600000)
  to   space 2048K, 0% used [0x00000000d6200000,0x00000000d6200000,0x00000000d6400000)
 ParOldGen       total 801280K, used 800808K [0x0000000080000000, 0x00000000b0e80000, 0x00000000d5580000)
  object space 801280K, 99% used [0x0000000080000000,0x00000000b0e0a1c0,0x00000000b0e80000)
 Metaspace       used 68782K, committed 70336K, reserved 1114112K
  class space    used 7033K, committed 7680K, reserved 1048576K
}
Event: 4503.059 GC heap before
{Heap before GC invocations=200 (full 3):
 PSYoungGen      total 12288K, used 11976K [0x00000000d5580000, 0x00000000d6600000, 0x0000000100000000)
  eden space 10240K, 99% used [0x00000000d5580000,0x00000000d5f7ffd8,0x00000000d5f80000)
  from space 2048K, 84% used [0x00000000d6400000,0x00000000d65b2200,0x00000000d6600000)
  to   space 2048K, 0% used [0x00000000d6200000,0x00000000d6200000,0x00000000d6400000)
 ParOldGen       total 801280K, used 800808K [0x0000000080000000, 0x00000000b0e80000, 0x00000000d5580000)
  object space 801280K, 99% used [0x0000000080000000,0x00000000b0e0a1c0,0x00000000b0e80000)
 Metaspace       used 68805K, committed 70400K, reserved 1114112K
  class space    used 7033K, committed 7680K, reserved 1048576K
}
Event: 4503.061 GC heap after
{Heap after GC invocations=200 (full 3):
 PSYoungGen      total 11776K, used 1216K [0x00000000d5580000, 0x00000000d6480000, 0x0000000100000000)
  eden space 10240K, 0% used [0x00000000d5580000,0x00000000d5580000,0x00000000d5f80000)
  from space 1536K, 79% used [0x00000000d6200000,0x00000000d6330000,0x00000000d6380000)
  to   space 1024K, 0% used [0x00000000d6380000,0x00000000d6380000,0x00000000d6480000)
 ParOldGen       total 802304K, used 802282K [0x0000000080000000, 0x00000000b0f80000, 0x00000000d5580000)
  object space 802304K, 99% used [0x0000000080000000,0x00000000b0f7a9e0,0x00000000b0f80000)
 Metaspace       used 68805K, committed 70400K, reserved 1114112K
  class space    used 7033K, committed 7680K, reserved 1048576K
}
Event: 4503.068 GC heap before
{Heap before GC invocations=201 (full 3):
 PSYoungGen      total 11776K, used 11456K [0x00000000d5580000, 0x00000000d6480000, 0x0000000100000000)
  eden space 10240K, 100% used [0x00000000d5580000,0x00000000d5f80000,0x00000000d5f80000)
  from space 1536K, 79% used [0x00000000d6200000,0x00000000d6330000,0x00000000d6380000)
  to   space 1024K, 0% used [0x00000000d6380000,0x00000000d6380000,0x00000000d6480000)
 ParOldGen       total 825856K, used 825322K [0x0000000080000000, 0x00000000b2680000, 0x00000000d5580000)
  object space 825856K, 99% used [0x0000000080000000,0x00000000b25faa00,0x00000000b2680000)
 Metaspace       used 68805K, committed 70400K, reserved 1114112K
  class space    used 7033K, committed 7680K, reserved 1048576K
}
Event: 4503.071 GC heap after
{Heap after GC invocations=201 (full 3):
 PSYoungGen      total 11264K, used 528K [0x00000000d5580000, 0x00000000d6480000, 0x0000000100000000)
  eden space 10240K, 0% used [0x00000000d5580000,0x00000000d5580000,0x00000000d5f80000)
  from space 1024K, 51% used [0x00000000d6380000,0x00000000d6404010,0x00000000d6480000)
  to   space 1024K, 0% used [0x00000000d6280000,0x00000000d6280000,0x00000000d6380000)
 ParOldGen       total 834560K, used 834090K [0x0000000080000000, 0x00000000b2f00000, 0x00000000d5580000)
  object space 834560K, 99% used [0x0000000080000000,0x00000000b2e8ab70,0x00000000b2f00000)
 Metaspace       used 68805K, committed 70400K, reserved 1114112K
  class space    used 7033K, committed 7680K, reserved 1048576K
}
Event: 4503.083 GC heap before
{Heap before GC invocations=202 (full 3):
 PSYoungGen      total 11264K, used 10768K [0x00000000d5580000, 0x00000000d6480000, 0x0000000100000000)
  eden space 10240K, 100% used [0x00000000d5580000,0x00000000d5f80000,0x00000000d5f80000)
  from space 1024K, 51% used [0x00000000d6380000,0x00000000d6404010,0x00000000d6480000)
  to   space 1024K, 0% used [0x00000000d6280000,0x00000000d6280000,0x00000000d6380000)
 ParOldGen       total 858112K, used 857130K [0x0000000080000000, 0x00000000b4600000, 0x00000000d5580000)
  object space 858112K, 99% used [0x0000000080000000,0x00000000b450ab90,0x00000000b4600000)
 Metaspace       used 68810K, committed 70400K, reserved 1114112K
  class space    used 7033K, committed 7680K, reserved 1048576K
}
Event: 4503.085 GC heap after
{Heap after GC invocations=202 (full 3):
 PSYoungGen      total 10752K, used 448K [0x00000000d5580000, 0x00000000d6400000, 0x0000000100000000)
  eden space 10240K, 0% used [0x00000000d5580000,0x00000000d5580000,0x00000000d5f80000)
  from space 512K, 87% used [0x00000000d6280000,0x00000000d62f0000,0x00000000d6300000)
  to   space 1024K, 0% used [0x00000000d6300000,0x00000000d6300000,0x00000000d6400000)
 ParOldGen       total 858112K, used 857439K [0x0000000080000000, 0x00000000b4600000, 0x00000000d5580000)
  object space 858112K, 99% used [0x0000000080000000,0x00000000b4557d98,0x00000000b4600000)
 Metaspace       used 68810K, committed 70400K, reserved 1114112K
  class space    used 7033K, committed 7680K, reserved 1048576K
}
Event: 4503.618 GC heap before
{Heap before GC invocations=203 (full 3):
 PSYoungGen      total 10752K, used 10688K [0x00000000d5580000, 0x00000000d6400000, 0x0000000100000000)
  eden space 10240K, 100% used [0x00000000d5580000,0x00000000d5f80000,0x00000000d5f80000)
  from space 512K, 87% used [0x00000000d6280000,0x00000000d62f0000,0x00000000d6300000)
  to   space 1024K, 0% used [0x00000000d6300000,0x00000000d6300000,0x00000000d6400000)
 ParOldGen       total 858112K, used 857439K [0x0000000080000000, 0x00000000b4600000, 0x00000000d5580000)
  object space 858112K, 99% used [0x0000000080000000,0x00000000b4557d98,0x00000000b4600000)
 Metaspace       used 68895K, committed 70464K, reserved 1114112K
  class space    used 7033K, committed 7680K, reserved 1048576K
}
Event: 4503.619 GC heap after
{Heap after GC invocations=203 (full 3):
 PSYoungGen      total 11264K, used 1018K [0x00000000d5580000, 0x00000000d6400000, 0x0000000100000000)
  eden space 10240K, 0% used [0x00000000d5580000,0x00000000d5580000,0x00000000d5f80000)
  from space 1024K, 99% used [0x00000000d6300000,0x00000000d63fe900,0x00000000d6400000)
  to   space 1536K, 0% used [0x00000000d6100000,0x00000000d6100000,0x00000000d6280000)
 ParOldGen       total 858112K, used 857787K [0x0000000080000000, 0x00000000b4600000, 0x00000000d5580000)
  object space 858112K, 99% used [0x0000000080000000,0x00000000b45aedb8,0x00000000b4600000)
 Metaspace       used 68895K, committed 70464K, reserved 1114112K
  class space    used 7033K, committed 7680K, reserved 1048576K
}
Event: 4503.645 GC heap before
{Heap before GC invocations=204 (full 3):
 PSYoungGen      total 11264K, used 11258K [0x00000000d5580000, 0x00000000d6400000, 0x0000000100000000)
  eden space 10240K, 100% used [0x00000000d5580000,0x00000000d5f80000,0x00000000d5f80000)
  from space 1024K, 99% used [0x00000000d6300000,0x00000000d63fe900,0x00000000d6400000)
  to   space 1536K, 0% used [0x00000000d6100000,0x00000000d6100000,0x00000000d6280000)
 ParOldGen       total 858112K, used 857787K [0x0000000080000000, 0x00000000b4600000, 0x00000000d5580000)
  object space 858112K, 99% used [0x0000000080000000,0x00000000b45aedb8,0x00000000b4600000)
 Metaspace       used 68915K, committed 70464K, reserved 1114112K
  class space    used 7034K, committed 7680K, reserved 1048576K
}
Event: 4503.646 GC heap after
{Heap after GC invocations=204 (full 3):
 PSYoungGen      total 11776K, used 1348K [0x00000000d5580000, 0x00000000d6380000, 0x0000000100000000)
  eden space 10240K, 0% used [0x00000000d5580000,0x00000000d5580000,0x00000000d5f80000)
  from space 1536K, 87% used [0x00000000d6100000,0x00000000d6251210,0x00000000d6280000)
  to   space 1024K, 0% used [0x00000000d6280000,0x00000000d6280000,0x00000000d6380000)
 ParOldGen       total 859136K, used 858759K [0x0000000080000000, 0x00000000b4700000, 0x00000000d5580000)
  object space 859136K, 99% used [0x0000000080000000,0x00000000b46a1e28,0x00000000b4700000)
 Metaspace       used 68915K, committed 70464K, reserved 1114112K
  class space    used 7034K, committed 7680K, reserved 1048576K
}
Event: 4524.630 GC heap before
{Heap before GC invocations=205 (full 3):
 PSYoungGen      total 11776K, used 11588K [0x00000000d5580000, 0x00000000d6380000, 0x0000000100000000)
  eden space 10240K, 99% used [0x00000000d5580000,0x00000000d5f7fff0,0x00000000d5f80000)
  from space 1536K, 87% used [0x00000000d6100000,0x00000000d6251210,0x00000000d6280000)
  to   space 1024K, 0% used [0x00000000d6280000,0x00000000d6280000,0x00000000d6380000)
 ParOldGen       total 859136K, used 858759K [0x0000000080000000, 0x00000000b4700000, 0x00000000d5580000)
  object space 859136K, 99% used [0x0000000080000000,0x00000000b46a1e28,0x00000000b4700000)
 Metaspace       used 68945K, committed 70528K, reserved 1114112K
  class space    used 7034K, committed 7680K, reserved 1048576K
}
Event: 4525.641 GC heap after
{Heap after GC invocations=205 (full 3):
 PSYoungGen      total 10752K, used 340K [0x00000000d5580000, 0x00000000d6300000, 0x0000000100000000)
  eden space 10240K, 0% used [0x00000000d5580000,0x00000000d5580000,0x00000000d5f80000)
  from space 512K, 66% used [0x00000000d6280000,0x00000000d62d5200,0x00000000d6300000)
  to   space 1024K, 0% used [0x00000000d6100000,0x00000000d6100000,0x00000000d6200000)
 ParOldGen       total 859648K, used 859367K [0x0000000080000000, 0x00000000b4780000, 0x00000000d5580000)
  object space 859648K, 99% used [0x0000000080000000,0x00000000b4739e58,0x00000000b4780000)
 Metaspace       used 68945K, committed 70528K, reserved 1114112K
  class space    used 7034K, committed 7680K, reserved 1048576K
}
Event: 4525.660 GC heap before
{Heap before GC invocations=206 (full 3):
 PSYoungGen      total 10752K, used 10568K [0x00000000d5580000, 0x00000000d6300000, 0x0000000100000000)
  eden space 10240K, 99% used [0x00000000d5580000,0x00000000d5f7d1a0,0x00000000d5f80000)
  from space 512K, 66% used [0x00000000d6280000,0x00000000d62d5200,0x00000000d6300000)
  to   space 1024K, 0% used [0x00000000d6100000,0x00000000d6100000,0x00000000d6200000)
 ParOldGen       total 859648K, used 859367K [0x0000000080000000, 0x00000000b4780000, 0x00000000d5580000)
  object space 859648K, 99% used [0x0000000080000000,0x00000000b4739e58,0x00000000b4780000)
 Metaspace       used 68957K, committed 70528K, reserved 1114112K
  class space    used 7034K, committed 7680K, reserved 1048576K
}
Event: 4525.661 GC heap after
{Heap after GC invocations=206 (full 3):
 PSYoungGen      total 11264K, used 160K [0x00000000d5580000, 0x00000000d6300000, 0x0000000100000000)
  eden space 10240K, 0% used [0x00000000d5580000,0x00000000d5580000,0x00000000d5f80000)
  from space 1024K, 15% used [0x00000000d6100000,0x00000000d6128000,0x00000000d6200000)
  to   space 512K, 0% used [0x00000000d6280000,0x00000000d6280000,0x00000000d6300000)
 ParOldGen       total 859648K, used 859463K [0x0000000080000000, 0x00000000b4780000, 0x00000000d5580000)
  object space 859648K, 99% used [0x0000000080000000,0x00000000b4751e68,0x00000000b4780000)
 Metaspace       used 68957K, committed 70528K, reserved 1114112K
  class space    used 7034K, committed 7680K, reserved 1048576K
}

